生成启动时间为 2020/10/22 9:52:31。
     1>项目“C:\Users\zousijia\documents\visual studio 2010\Projects\day2\Demo\Demo.vcxproj”在节点 2 上(build 个目标)。
     1>InitializeBuildStatus:
         正在创建“Debug\Demo.unsuccessfulbuild”，因为已指定“AlwaysCreate”。
       ClCompile:
         所有输出均为最新。
         所有输出均为最新。
       ResourceCompile:
         所有输出均为最新。
       ManifestResourceCompile:
         所有输出均为最新。
       Link:
         c:\Program Files (x86)\Microsoft Visual Studio 10.0\VC\bin\link.exe /ERRORREPORT:PROMPT /OUT:"C:\Users\zousijia\documents\visual studio 2010\Projects\Tracker\Debug\Demo.exe" /INCREMENTAL /NOLOGO /MANIFEST /ManifestFile:"Debug\Demo.exe.intermediate.manifest" /MANIFESTUAC:"level='asInvoker' uiAccess='false'" /DEBUG /PDB:"C:\Users\zousijia\documents\visual studio 2010\Projects\Tracker\Debug\Demo.pdb" /SUBSYSTEM:WINDOWS /TLBID:1 /ENTRY:"wWinMainCRTStartup" /DYNAMICBASE /NXCOMPAT /IMPLIB:"C:\Users\zousijia\documents\visual studio 2010\Projects\Tracker\Debug\Demo.lib" /MACHINE:X86 Debug\Demo.res
         Debug\Demo.exe.embed.manifest.res
         Debug\ClassView.obj
         Debug\Demo.obj
         Debug\DemoDoc.obj
         Debug\DemoView.obj
         Debug\FileView.obj
         Debug\MainFrm.obj
         Debug\OutputWnd.obj
         Debug\PropertiesWnd.obj
         Debug\stdafx.obj
         Debug\ViewTree.obj
       Manifest:
         c:\Program Files (x86)\Microsoft SDKs\Windows\v7.0A\bin\mt.exe /nologo /verbose /out:"Debug\Demo.exe.embed.manifest" /manifest Debug\Demo.exe.intermediate.manifest "c:\Program Files (x86)\Microsoft Visual Studio 10.0\VC\Include\Manifest\dpiaware.manifest"
         所有输出均为最新。
       LinkEmbedManifest:
         所有输出均为最新。
         Demo.vcxproj -> C:\Users\zousijia\documents\visual studio 2010\Projects\Tracker\Debug\Demo.exe
       FinalizeBuildStatus:
         正在删除文件“Debug\Demo.unsuccessfulbuild”。
         正在对“Debug\Demo.lastbuildstate”执行 Touch 任务。
     1>已完成生成项目“C:\Users\zousijia\documents\visual studio 2010\Projects\day2\Demo\Demo.vcxproj”(build 个目标)的操作。

生成成功。

已用时间 00:00:05.10
