生成启动时间为 2021/2/3 13:19:51。
     1>项目“C:\Users\zousijia\documents\visual studio 2010\Projects\Tracker\TFigure\TFigure.vcxproj”在节点 2 上(build 个目标)。
     1>InitializeBuildStatus:
         正在创建“Debug\TFigure.unsuccessfulbuild”，因为已指定“AlwaysCreate”。
       ClCompile:
         所有输出均为最新。
         C:\Program Files (x86)\Microsoft Visual Studio 10.0\VC\bin\CL.exe /c /ZI /nologo /W3 /WX- /Od /Oy- /D WIN32 /D _WINDOWS /D _DEBUG /D _UNICODE /D UNICODE /Gm /EHsc /RTC1 /MTd /GS /fp:precise /Zc:wchar_t /Zc:forScope /Yu"StdAfx.h" /Fp"Debug\TFigure.pch" /Fo"Debug\\" /Fd"Debug\vc100.pdb" /Gd /TP /analyze- /errorReport:prompt TFigureDlg.cpp
         TFigureDlg.cpp
     1>c:\users\zousijia\documents\visual studio 2010\projects\tracker\tfigure\tfiguredlg.h(31): warning C4067: 预处理器指令后有意外标记 - 应输入换行符
     1>c:\users\zousijia\documents\visual studio 2010\projects\tracker\tfigure\tfiguredlg.cpp(72): warning C4244: “=”: 从“double”转换到“int”，可能丢失数据
     1>c:\users\zousijia\documents\visual studio 2010\projects\tracker\tfigure\tfiguredlg.cpp(74): warning C4244: “=”: 从“double”转换到“int”，可能丢失数据
     1>c:\users\zousijia\documents\visual studio 2010\projects\tracker\tfigure\tfiguredlg.cpp(235): warning C4996: 'strcpy': This function or variable may be unsafe. Consider using strcpy_s instead. To disable deprecation, use _CRT_SECURE_NO_WARNINGS. See online help for details.
                 c:\program files (x86)\microsoft visual studio 10.0\vc\include\string.h(105) : 参见“strcpy”的声明
     1>c:\users\zousijia\documents\visual studio 2010\projects\tracker\tfigure\tfiguredlg.cpp(237): warning C4996: 'strtok': This function or variable may be unsafe. Consider using strtok_s instead. To disable deprecation, use _CRT_SECURE_NO_WARNINGS. See online help for details.
                 c:\program files (x86)\microsoft visual studio 10.0\vc\include\string.h(197) : 参见“strtok”的声明
     1>c:\users\zousijia\documents\visual studio 2010\projects\tracker\tfigure\tfiguredlg.cpp(239): warning C4996: 'strtok': This function or variable may be unsafe. Consider using strtok_s instead. To disable deprecation, use _CRT_SECURE_NO_WARNINGS. See online help for details.
                 c:\program files (x86)\microsoft visual studio 10.0\vc\include\string.h(197) : 参见“strtok”的声明
     1>c:\users\zousijia\documents\visual studio 2010\projects\tracker\tfigure\tfiguredlg.cpp(512): warning C4067: 预处理器指令后有意外标记 - 应输入换行符
     1>c:\users\zousijia\documents\visual studio 2010\projects\tracker\tfigure\tfiguredlg.cpp(512): warning C4067: 预处理器指令后有意外标记 - 应输入换行符
     1>c:\users\zousijia\documents\visual studio 2010\projects\tracker\tfigure\tfiguredlg.cpp(558): warning C4996: 'sprintf': This function or variable may be unsafe. Consider using sprintf_s instead. To disable deprecation, use _CRT_SECURE_NO_WARNINGS. See online help for details.
                 c:\program files (x86)\microsoft visual studio 10.0\vc\include\stdio.h(371) : 参见“sprintf”的声明
     1>c:\users\zousijia\documents\visual studio 2010\projects\tracker\tfigure\tfiguredlg.cpp(559): warning C4067: 预处理器指令后有意外标记 - 应输入换行符
     1>c:\users\zousijia\documents\visual studio 2010\projects\tracker\tfigure\tfiguredlg.cpp(559): warning C4067: 预处理器指令后有意外标记 - 应输入换行符
     1>c:\users\zousijia\documents\visual studio 2010\projects\tracker\tfigure\tfiguredlg.cpp(612): warning C4067: 预处理器指令后有意外标记 - 应输入换行符
     1>c:\users\zousijia\documents\visual studio 2010\projects\tracker\tfigure\tfiguredlg.cpp(613): warning C4067: 预处理器指令后有意外标记 - 应输入换行符
     1>c:\users\zousijia\documents\visual studio 2010\projects\tracker\tfigure\tfiguredlg.cpp(650): warning C4067: 预处理器指令后有意外标记 - 应输入换行符
     1>c:\users\zousijia\documents\visual studio 2010\projects\tracker\tfigure\tfiguredlg.cpp(651): warning C4067: 预处理器指令后有意外标记 - 应输入换行符
     1>c:\users\zousijia\documents\visual studio 2010\projects\tracker\tfigure\tfiguredlg.cpp(906): warning C4258: “i”: 忽略 For 循环中的定义；使用封闭范围中的定义
                 c:\users\zousijia\documents\visual studio 2010\projects\tracker\tfigure\tfiguredlg.cpp(885) : 忽略“i”的定义
                 c:\users\zousijia\documents\visual studio 2010\projects\tracker\tfigure\tfiguredlg.h(158) : 使用“CTFigureDlg::i”的定义
     1>c:\users\zousijia\documents\visual studio 2010\projects\tracker\tfigure\tfiguredlg.cpp(929): warning C4258: “i”: 忽略 For 循环中的定义；使用封闭范围中的定义
                 c:\users\zousijia\documents\visual studio 2010\projects\tracker\tfigure\tfiguredlg.cpp(885) : 忽略“i”的定义
                 c:\users\zousijia\documents\visual studio 2010\projects\tracker\tfigure\tfiguredlg.h(158) : 使用“CTFigureDlg::i”的定义
     1>c:\users\zousijia\documents\visual studio 2010\projects\tracker\tfigure\tfiguredlg.cpp(973): warning C4258: “i”: 忽略 For 循环中的定义；使用封闭范围中的定义
                 c:\users\zousijia\documents\visual studio 2010\projects\tracker\tfigure\tfiguredlg.cpp(885) : 忽略“i”的定义
                 c:\users\zousijia\documents\visual studio 2010\projects\tracker\tfigure\tfiguredlg.h(158) : 使用“CTFigureDlg::i”的定义
     1>c:\users\zousijia\documents\visual studio 2010\projects\tracker\tfigure\tfiguredlg.cpp(1012): warning C4258: “i”: 忽略 For 循环中的定义；使用封闭范围中的定义
                 c:\users\zousijia\documents\visual studio 2010\projects\tracker\tfigure\tfiguredlg.cpp(885) : 忽略“i”的定义
                 c:\users\zousijia\documents\visual studio 2010\projects\tracker\tfigure\tfiguredlg.h(158) : 使用“CTFigureDlg::i”的定义
     1>c:\users\zousijia\documents\visual studio 2010\projects\tracker\tfigure\tfiguredlg.cpp(1037): warning C4258: “i”: 忽略 For 循环中的定义；使用封闭范围中的定义
                 c:\users\zousijia\documents\visual studio 2010\projects\tracker\tfigure\tfiguredlg.cpp(885) : 忽略“i”的定义
                 c:\users\zousijia\documents\visual studio 2010\projects\tracker\tfigure\tfiguredlg.h(158) : 使用“CTFigureDlg::i”的定义
     1>c:\users\zousijia\documents\visual studio 2010\projects\tracker\tfigure\tfiguredlg.cpp(1056): warning C4258: “i”: 忽略 For 循环中的定义；使用封闭范围中的定义
                 c:\users\zousijia\documents\visual studio 2010\projects\tracker\tfigure\tfiguredlg.cpp(885) : 忽略“i”的定义
                 c:\users\zousijia\documents\visual studio 2010\projects\tracker\tfigure\tfiguredlg.h(158) : 使用“CTFigureDlg::i”的定义
     1>c:\users\zousijia\documents\visual studio 2010\projects\tracker\tfigure\tfiguredlg.cpp(1112): warning C4258: “i”: 忽略 For 循环中的定义；使用封闭范围中的定义
                 c:\users\zousijia\documents\visual studio 2010\projects\tracker\tfigure\tfiguredlg.cpp(885) : 忽略“i”的定义
                 c:\users\zousijia\documents\visual studio 2010\projects\tracker\tfigure\tfiguredlg.h(158) : 使用“CTFigureDlg::i”的定义
     1>c:\users\zousijia\documents\visual studio 2010\projects\tracker\tfigure\tfiguredlg.cpp(1166): warning C4018: “<”: 有符号/无符号不匹配
     1>c:\users\zousijia\documents\visual studio 2010\projects\tracker\tfigure\tfiguredlg.cpp(1677): warning C4067: 预处理器指令后有意外标记 - 应输入换行符
     1>c:\users\zousijia\documents\visual studio 2010\projects\tracker\tfigure\tfiguredlg.cpp(1677): warning C4067: 预处理器指令后有意外标记 - 应输入换行符
     1>c:\users\zousijia\documents\visual studio 2010\projects\tracker\tfigure\tfiguredlg.cpp(2694): warning C4996: 'sprintf': This function or variable may be unsafe. Consider using sprintf_s instead. To disable deprecation, use _CRT_SECURE_NO_WARNINGS. See online help for details.
                 c:\program files (x86)\microsoft visual studio 10.0\vc\include\stdio.h(371) : 参见“sprintf”的声明
     1>c:\users\zousijia\documents\visual studio 2010\projects\tracker\tfigure\tfiguredlg.cpp(3612): warning C4244: “参数”: 从“double”转换到“int”，可能丢失数据
     1>c:\users\zousijia\documents\visual studio 2010\projects\tracker\tfigure\tfiguredlg.cpp(3612): warning C4244: “参数”: 从“double”转换到“int”，可能丢失数据
     1>c:\users\zousijia\documents\visual studio 2010\projects\tracker\tfigure\tfiguredlg.cpp(3613): warning C4244: “参数”: 从“double”转换到“int”，可能丢失数据
     1>c:\users\zousijia\documents\visual studio 2010\projects\tracker\tfigure\tfiguredlg.cpp(3613): warning C4244: “参数”: 从“double”转换到“int”，可能丢失数据
     1>c:\users\zousijia\documents\visual studio 2010\projects\tracker\tfigure\tfiguredlg.cpp(3670): warning C4244: “参数”: 从“double”转换到“int”，可能丢失数据
     1>c:\users\zousijia\documents\visual studio 2010\projects\tracker\tfigure\tfiguredlg.cpp(3670): warning C4244: “参数”: 从“double”转换到“int”，可能丢失数据
     1>c:\users\zousijia\documents\visual studio 2010\projects\tracker\tfigure\tfiguredlg.cpp(3671): warning C4244: “参数”: 从“double”转换到“int”，可能丢失数据
     1>c:\users\zousijia\documents\visual studio 2010\projects\tracker\tfigure\tfiguredlg.cpp(3671): warning C4244: “参数”: 从“double”转换到“int”，可能丢失数据
     1>c:\users\zousijia\documents\visual studio 2010\projects\tracker\tfigure\tfiguredlg.cpp(3743): warning C4244: “参数”: 从“double”转换到“int”，可能丢失数据
     1>c:\users\zousijia\documents\visual studio 2010\projects\tracker\tfigure\tfiguredlg.cpp(3743): warning C4244: “参数”: 从“double”转换到“int”，可能丢失数据
     1>c:\users\zousijia\documents\visual studio 2010\projects\tracker\tfigure\tfiguredlg.cpp(3744): warning C4244: “参数”: 从“double”转换到“int”，可能丢失数据
     1>c:\users\zousijia\documents\visual studio 2010\projects\tracker\tfigure\tfiguredlg.cpp(3744): warning C4244: “参数”: 从“double”转换到“int”，可能丢失数据
     1>c:\users\zousijia\documents\visual studio 2010\projects\tracker\tfigure\tfiguredlg.cpp(3792): warning C4244: “参数”: 从“double”转换到“int”，可能丢失数据
     1>c:\users\zousijia\documents\visual studio 2010\projects\tracker\tfigure\tfiguredlg.cpp(3792): warning C4244: “参数”: 从“double”转换到“int”，可能丢失数据
     1>c:\users\zousijia\documents\visual studio 2010\projects\tracker\tfigure\tfiguredlg.cpp(3793): warning C4244: “参数”: 从“double”转换到“int”，可能丢失数据
     1>c:\users\zousijia\documents\visual studio 2010\projects\tracker\tfigure\tfiguredlg.cpp(3793): warning C4244: “参数”: 从“double”转换到“int”，可能丢失数据
     1>c:\users\zousijia\documents\visual studio 2010\projects\tracker\tfigure\tfiguredlg.cpp(3837): warning C4244: “参数”: 从“double”转换到“int”，可能丢失数据
     1>c:\users\zousijia\documents\visual studio 2010\projects\tracker\tfigure\tfiguredlg.cpp(3837): warning C4244: “参数”: 从“double”转换到“int”，可能丢失数据
     1>c:\users\zousijia\documents\visual studio 2010\projects\tracker\tfigure\tfiguredlg.cpp(3839): warning C4244: “参数”: 从“double”转换到“int”，可能丢失数据
     1>c:\users\zousijia\documents\visual studio 2010\projects\tracker\tfigure\tfiguredlg.cpp(3839): warning C4244: “参数”: 从“double”转换到“int”，可能丢失数据
     1>c:\users\zousijia\documents\visual studio 2010\projects\tracker\tfigure\tfiguredlg.cpp(3884): warning C4244: “参数”: 从“double”转换到“int”，可能丢失数据
     1>c:\users\zousijia\documents\visual studio 2010\projects\tracker\tfigure\tfiguredlg.cpp(3884): warning C4244: “参数”: 从“double”转换到“int”，可能丢失数据
     1>c:\users\zousijia\documents\visual studio 2010\projects\tracker\tfigure\tfiguredlg.cpp(3886): warning C4244: “参数”: 从“double”转换到“int”，可能丢失数据
     1>c:\users\zousijia\documents\visual studio 2010\projects\tracker\tfigure\tfiguredlg.cpp(3886): warning C4244: “参数”: 从“double”转换到“int”，可能丢失数据
     1>c:\users\zousijia\documents\visual studio 2010\projects\tracker\tfigure\tfiguredlg.cpp(3926): warning C4244: “参数”: 从“double”转换到“int”，可能丢失数据
     1>c:\users\zousijia\documents\visual studio 2010\projects\tracker\tfigure\tfiguredlg.cpp(3926): warning C4244: “参数”: 从“double”转换到“int”，可能丢失数据
     1>c:\users\zousijia\documents\visual studio 2010\projects\tracker\tfigure\tfiguredlg.cpp(4110): warning C4067: 预处理器指令后有意外标记 - 应输入换行符
     1>c:\users\zousijia\documents\visual studio 2010\projects\tracker\tfigure\tfiguredlg.cpp(4110): warning C4067: 预处理器指令后有意外标记 - 应输入换行符
     1>c:\users\zousijia\documents\visual studio 2010\projects\tracker\tfigure\tfiguredlg.cpp(4132): warning C4067: 预处理器指令后有意外标记 - 应输入换行符
     1>c:\users\zousijia\documents\visual studio 2010\projects\tracker\tfigure\tfiguredlg.cpp(4132): warning C4067: 预处理器指令后有意外标记 - 应输入换行符
     1>c:\users\zousijia\documents\visual studio 2010\projects\tracker\tfigure\tfiguredlg.cpp(4178): warning C4996: 'sprintf': This function or variable may be unsafe. Consider using sprintf_s instead. To disable deprecation, use _CRT_SECURE_NO_WARNINGS. See online help for details.
                 c:\program files (x86)\microsoft visual studio 10.0\vc\include\stdio.h(371) : 参见“sprintf”的声明
     1>c:\users\zousijia\documents\visual studio 2010\projects\tracker\tfigure\tfiguredlg.cpp(4179): warning C4067: 预处理器指令后有意外标记 - 应输入换行符
     1>c:\users\zousijia\documents\visual studio 2010\projects\tracker\tfigure\tfiguredlg.cpp(4179): warning C4067: 预处理器指令后有意外标记 - 应输入换行符
     1>c:\users\zousijia\documents\visual studio 2010\projects\tracker\tfigure\tfiguredlg.cpp(4363): warning C4067: 预处理器指令后有意外标记 - 应输入换行符
     1>c:\users\zousijia\documents\visual studio 2010\projects\tracker\tfigure\tfiguredlg.cpp(4363): warning C4067: 预处理器指令后有意外标记 - 应输入换行符
     1>c:\users\zousijia\documents\visual studio 2010\projects\tracker\tfigure\tfiguredlg.cpp(4505): warning C4244: “参数”: 从“double”转换到“int”，可能丢失数据
     1>c:\users\zousijia\documents\visual studio 2010\projects\tracker\tfigure\tfiguredlg.cpp(4505): warning C4244: “参数”: 从“double”转换到“int”，可能丢失数据
     1>c:\users\zousijia\documents\visual studio 2010\projects\tracker\tfigure\tfiguredlg.cpp(4539): warning C4244: “参数”: 从“double”转换到“int”，可能丢失数据
     1>c:\users\zousijia\documents\visual studio 2010\projects\tracker\tfigure\tfiguredlg.cpp(4539): warning C4244: “参数”: 从“double”转换到“int”，可能丢失数据
     1>c:\users\zousijia\documents\visual studio 2010\projects\tracker\tfigure\tfiguredlg.cpp(4575): warning C4244: “参数”: 从“double”转换到“int”，可能丢失数据
     1>c:\users\zousijia\documents\visual studio 2010\projects\tracker\tfigure\tfiguredlg.cpp(4575): warning C4244: “参数”: 从“double”转换到“int”，可能丢失数据
     1>c:\users\zousijia\documents\visual studio 2010\projects\tracker\tfigure\tfiguredlg.cpp(4576): warning C4244: “参数”: 从“double”转换到“int”，可能丢失数据
     1>c:\users\zousijia\documents\visual studio 2010\projects\tracker\tfigure\tfiguredlg.cpp(4576): warning C4244: “参数”: 从“double”转换到“int”，可能丢失数据
     1>c:\users\zousijia\documents\visual studio 2010\projects\tracker\tfigure\tfiguredlg.cpp(4577): warning C4244: “参数”: 从“double”转换到“int”，可能丢失数据
     1>c:\users\zousijia\documents\visual studio 2010\projects\tracker\tfigure\tfiguredlg.cpp(4577): warning C4244: “参数”: 从“double”转换到“int”，可能丢失数据
     1>c:\users\zousijia\documents\visual studio 2010\projects\tracker\tfigure\tfiguredlg.cpp(4578): warning C4244: “参数”: 从“double”转换到“int”，可能丢失数据
     1>c:\users\zousijia\documents\visual studio 2010\projects\tracker\tfigure\tfiguredlg.cpp(4578): warning C4244: “参数”: 从“double”转换到“int”，可能丢失数据
     1>c:\users\zousijia\documents\visual studio 2010\projects\tracker\tfigure\tfiguredlg.cpp(4580): warning C4244: “参数”: 从“double”转换到“int”，可能丢失数据
     1>c:\users\zousijia\documents\visual studio 2010\projects\tracker\tfigure\tfiguredlg.cpp(4580): warning C4244: “参数”: 从“double”转换到“int”，可能丢失数据
     1>c:\users\zousijia\documents\visual studio 2010\projects\tracker\tfigure\tfiguredlg.cpp(4580): warning C4244: “参数”: 从“double”转换到“int”，可能丢失数据
     1>c:\users\zousijia\documents\visual studio 2010\projects\tracker\tfigure\tfiguredlg.cpp(4580): warning C4244: “参数”: 从“double”转换到“int”，可能丢失数据
     1>c:\users\zousijia\documents\visual studio 2010\projects\tracker\tfigure\tfiguredlg.cpp(4604): warning C4244: “参数”: 从“double”转换到“int”，可能丢失数据
     1>c:\users\zousijia\documents\visual studio 2010\projects\tracker\tfigure\tfiguredlg.cpp(4604): warning C4244: “参数”: 从“double”转换到“int”，可能丢失数据
     1>c:\users\zousijia\documents\visual studio 2010\projects\tracker\tfigure\tfiguredlg.cpp(4605): warning C4244: “参数”: 从“double”转换到“int”，可能丢失数据
     1>c:\users\zousijia\documents\visual studio 2010\projects\tracker\tfigure\tfiguredlg.cpp(4605): warning C4244: “参数”: 从“double”转换到“int”，可能丢失数据
     1>c:\users\zousijia\documents\visual studio 2010\projects\tracker\tfigure\tfiguredlg.cpp(4606): warning C4244: “参数”: 从“double”转换到“int”，可能丢失数据
     1>c:\users\zousijia\documents\visual studio 2010\projects\tracker\tfigure\tfiguredlg.cpp(4606): warning C4244: “参数”: 从“double”转换到“int”，可能丢失数据
     1>c:\users\zousijia\documents\visual studio 2010\projects\tracker\tfigure\tfiguredlg.cpp(4607): warning C4244: “参数”: 从“double”转换到“int”，可能丢失数据
     1>c:\users\zousijia\documents\visual studio 2010\projects\tracker\tfigure\tfiguredlg.cpp(4607): warning C4244: “参数”: 从“double”转换到“int”，可能丢失数据
     1>c:\users\zousijia\documents\visual studio 2010\projects\tracker\tfigure\tfiguredlg.cpp(4609): warning C4244: “参数”: 从“double”转换到“int”，可能丢失数据
     1>c:\users\zousijia\documents\visual studio 2010\projects\tracker\tfigure\tfiguredlg.cpp(4609): warning C4244: “参数”: 从“double”转换到“int”，可能丢失数据
     1>c:\users\zousijia\documents\visual studio 2010\projects\tracker\tfigure\tfiguredlg.cpp(4609): warning C4244: “参数”: 从“double”转换到“int”，可能丢失数据
     1>c:\users\zousijia\documents\visual studio 2010\projects\tracker\tfigure\tfiguredlg.cpp(4609): warning C4244: “参数”: 从“double”转换到“int”，可能丢失数据
     1>c:\users\zousijia\documents\visual studio 2010\projects\tracker\tfigure\tfiguredlg.cpp(4632): warning C4244: “参数”: 从“double”转换到“int”，可能丢失数据
     1>c:\users\zousijia\documents\visual studio 2010\projects\tracker\tfigure\tfiguredlg.cpp(4632): warning C4244: “参数”: 从“double”转换到“int”，可能丢失数据
     1>c:\users\zousijia\documents\visual studio 2010\projects\tracker\tfigure\tfiguredlg.cpp(4664): warning C4244: “参数”: 从“double”转换到“int”，可能丢失数据
     1>c:\users\zousijia\documents\visual studio 2010\projects\tracker\tfigure\tfiguredlg.cpp(4664): warning C4244: “参数”: 从“double”转换到“int”，可能丢失数据
     1>c:\users\zousijia\documents\visual studio 2010\projects\tracker\tfigure\tfiguredlg.cpp(4695): warning C4244: “参数”: 从“double”转换到“int”，可能丢失数据
     1>c:\users\zousijia\documents\visual studio 2010\projects\tracker\tfigure\tfiguredlg.cpp(4695): warning C4244: “参数”: 从“double”转换到“int”，可能丢失数据
     1>c:\users\zousijia\documents\visual studio 2010\projects\tracker\tfigure\tfiguredlg.cpp(4726): warning C4244: “参数”: 从“double”转换到“int”，可能丢失数据
     1>c:\users\zousijia\documents\visual studio 2010\projects\tracker\tfigure\tfiguredlg.cpp(4726): warning C4244: “参数”: 从“double”转换到“int”，可能丢失数据
     1>c:\users\zousijia\documents\visual studio 2010\projects\tracker\tfigure\tfiguredlg.cpp(4760): warning C4244: “参数”: 从“double”转换到“int”，可能丢失数据
     1>c:\users\zousijia\documents\visual studio 2010\projects\tracker\tfigure\tfiguredlg.cpp(4760): warning C4244: “参数”: 从“double”转换到“int”，可能丢失数据
     1>c:\users\zousijia\documents\visual studio 2010\projects\tracker\tfigure\tfiguredlg.cpp(4791): warning C4244: “参数”: 从“double”转换到“int”，可能丢失数据
     1>c:\users\zousijia\documents\visual studio 2010\projects\tracker\tfigure\tfiguredlg.cpp(4791): warning C4244: “参数”: 从“double”转换到“int”，可能丢失数据
     1>c:\users\zousijia\documents\visual studio 2010\projects\tracker\tfigure\tfiguredlg.cpp(4825): warning C4244: “参数”: 从“double”转换到“int”，可能丢失数据
     1>c:\users\zousijia\documents\visual studio 2010\projects\tracker\tfigure\tfiguredlg.cpp(4825): warning C4244: “参数”: 从“double”转换到“int”，可能丢失数据
     1>c:\users\zousijia\documents\visual studio 2010\projects\tracker\tfigure\tfiguredlg.cpp(4863): warning C4244: “参数”: 从“double”转换到“int”，可能丢失数据
     1>c:\users\zousijia\documents\visual studio 2010\projects\tracker\tfigure\tfiguredlg.cpp(4863): warning C4244: “参数”: 从“double”转换到“int”，可能丢失数据
     1>c:\users\zousijia\documents\visual studio 2010\projects\tracker\tfigure\tfiguredlg.cpp(4900): warning C4244: “=”: 从“double”转换到“int”，可能丢失数据
     1>c:\users\zousijia\documents\visual studio 2010\projects\tracker\tfigure\tfiguredlg.cpp(4901): warning C4244: “=”: 从“double”转换到“int”，可能丢失数据
     1>c:\users\zousijia\documents\visual studio 2010\projects\tracker\tfigure\tfiguredlg.cpp(5078): warning C4244: “参数”: 从“double”转换到“int”，可能丢失数据
     1>c:\users\zousijia\documents\visual studio 2010\projects\tracker\tfigure\tfiguredlg.cpp(5078): warning C4244: “参数”: 从“double”转换到“int”，可能丢失数据
     1>c:\users\zousijia\documents\visual studio 2010\projects\tracker\tfigure\tfiguredlg.cpp(5111): warning C4244: “参数”: 从“double”转换到“int”，可能丢失数据
     1>c:\users\zousijia\documents\visual studio 2010\projects\tracker\tfigure\tfiguredlg.cpp(5111): warning C4244: “参数”: 从“double”转换到“int”，可能丢失数据
     1>c:\users\zousijia\documents\visual studio 2010\projects\tracker\tfigure\tfiguredlg.cpp(5143): warning C4244: “参数”: 从“double”转换到“int”，可能丢失数据
     1>c:\users\zousijia\documents\visual studio 2010\projects\tracker\tfigure\tfiguredlg.cpp(5143): warning C4244: “参数”: 从“double”转换到“int”，可能丢失数据
     1>c:\users\zousijia\documents\visual studio 2010\projects\tracker\tfigure\tfiguredlg.cpp(5174): warning C4244: “参数”: 从“double”转换到“int”，可能丢失数据
     1>c:\users\zousijia\documents\visual studio 2010\projects\tracker\tfigure\tfiguredlg.cpp(5174): warning C4244: “参数”: 从“double”转换到“int”，可能丢失数据
     1>c:\users\zousijia\documents\visual studio 2010\projects\tracker\tfigure\tfiguredlg.cpp(5207): warning C4244: “参数”: 从“double”转换到“int”，可能丢失数据
     1>c:\users\zousijia\documents\visual studio 2010\projects\tracker\tfigure\tfiguredlg.cpp(5207): warning C4244: “参数”: 从“double”转换到“int”，可能丢失数据
     1>c:\users\zousijia\documents\visual studio 2010\projects\tracker\tfigure\tfiguredlg.cpp(5207): warning C4244: “参数”: 从“double”转换到“int”，可能丢失数据
     1>c:\users\zousijia\documents\visual studio 2010\projects\tracker\tfigure\tfiguredlg.cpp(5207): warning C4244: “参数”: 从“double”转换到“int”，可能丢失数据
     1>c:\users\zousijia\documents\visual studio 2010\projects\tracker\tfigure\tfiguredlg.cpp(5208): warning C4244: “参数”: 从“double”转换到“int”，可能丢失数据
     1>c:\users\zousijia\documents\visual studio 2010\projects\tracker\tfigure\tfiguredlg.cpp(5208): warning C4244: “参数”: 从“double”转换到“int”，可能丢失数据
     1>c:\users\zousijia\documents\visual studio 2010\projects\tracker\tfigure\tfiguredlg.cpp(5208): warning C4244: “参数”: 从“double”转换到“int”，可能丢失数据
     1>c:\users\zousijia\documents\visual studio 2010\projects\tracker\tfigure\tfiguredlg.cpp(5208): warning C4244: “参数”: 从“double”转换到“int”，可能丢失数据
     1>c:\users\zousijia\documents\visual studio 2010\projects\tracker\tfigure\tfiguredlg.cpp(5209): warning C4244: “参数”: 从“double”转换到“int”，可能丢失数据
     1>c:\users\zousijia\documents\visual studio 2010\projects\tracker\tfigure\tfiguredlg.cpp(5209): warning C4244: “参数”: 从“double”转换到“int”，可能丢失数据
     1>c:\users\zousijia\documents\visual studio 2010\projects\tracker\tfigure\tfiguredlg.cpp(5209): warning C4244: “参数”: 从“double”转换到“int”，可能丢失数据
     1>c:\users\zousijia\documents\visual studio 2010\projects\tracker\tfigure\tfiguredlg.cpp(5209): warning C4244: “参数”: 从“double”转换到“int”，可能丢失数据
     1>c:\users\zousijia\documents\visual studio 2010\projects\tracker\tfigure\tfiguredlg.cpp(5210): warning C4244: “参数”: 从“double”转换到“int”，可能丢失数据
     1>c:\users\zousijia\documents\visual studio 2010\projects\tracker\tfigure\tfiguredlg.cpp(5210): warning C4244: “参数”: 从“double”转换到“int”，可能丢失数据
     1>c:\users\zousijia\documents\visual studio 2010\projects\tracker\tfigure\tfiguredlg.cpp(5211): warning C4244: “参数”: 从“double”转换到“int”，可能丢失数据
     1>c:\users\zousijia\documents\visual studio 2010\projects\tracker\tfigure\tfiguredlg.cpp(5211): warning C4244: “参数”: 从“double”转换到“int”，可能丢失数据
     1>c:\users\zousijia\documents\visual studio 2010\projects\tracker\tfigure\tfiguredlg.cpp(5233): warning C4244: “参数”: 从“double”转换到“int”，可能丢失数据
     1>c:\users\zousijia\documents\visual studio 2010\projects\tracker\tfigure\tfiguredlg.cpp(5233): warning C4244: “参数”: 从“double”转换到“int”，可能丢失数据
     1>c:\users\zousijia\documents\visual studio 2010\projects\tracker\tfigure\tfiguredlg.cpp(5233): warning C4244: “参数”: 从“double”转换到“int”，可能丢失数据
     1>c:\users\zousijia\documents\visual studio 2010\projects\tracker\tfigure\tfiguredlg.cpp(5233): warning C4244: “参数”: 从“double”转换到“int”，可能丢失数据
     1>c:\users\zousijia\documents\visual studio 2010\projects\tracker\tfigure\tfiguredlg.cpp(5234): warning C4244: “参数”: 从“double”转换到“int”，可能丢失数据
     1>c:\users\zousijia\documents\visual studio 2010\projects\tracker\tfigure\tfiguredlg.cpp(5234): warning C4244: “参数”: 从“double”转换到“int”，可能丢失数据
     1>c:\users\zousijia\documents\visual studio 2010\projects\tracker\tfigure\tfiguredlg.cpp(5234): warning C4244: “参数”: 从“double”转换到“int”，可能丢失数据
     1>c:\users\zousijia\documents\visual studio 2010\projects\tracker\tfigure\tfiguredlg.cpp(5234): warning C4244: “参数”: 从“double”转换到“int”，可能丢失数据
     1>c:\users\zousijia\documents\visual studio 2010\projects\tracker\tfigure\tfiguredlg.cpp(5235): warning C4244: “参数”: 从“double”转换到“int”，可能丢失数据
     1>c:\users\zousijia\documents\visual studio 2010\projects\tracker\tfigure\tfiguredlg.cpp(5235): warning C4244: “参数”: 从“double”转换到“int”，可能丢失数据
     1>c:\users\zousijia\documents\visual studio 2010\projects\tracker\tfigure\tfiguredlg.cpp(5235): warning C4244: “参数”: 从“double”转换到“int”，可能丢失数据
     1>c:\users\zousijia\documents\visual studio 2010\projects\tracker\tfigure\tfiguredlg.cpp(5235): warning C4244: “参数”: 从“double”转换到“int”，可能丢失数据
     1>c:\users\zousijia\documents\visual studio 2010\projects\tracker\tfigure\tfiguredlg.cpp(5236): warning C4244: “参数”: 从“double”转换到“int”，可能丢失数据
     1>c:\users\zousijia\documents\visual studio 2010\projects\tracker\tfigure\tfiguredlg.cpp(5236): warning C4244: “参数”: 从“double”转换到“int”，可能丢失数据
     1>c:\users\zousijia\documents\visual studio 2010\projects\tracker\tfigure\tfiguredlg.cpp(5237): warning C4244: “参数”: 从“double”转换到“int”，可能丢失数据
     1>c:\users\zousijia\documents\visual studio 2010\projects\tracker\tfigure\tfiguredlg.cpp(5237): warning C4244: “参数”: 从“double”转换到“int”，可能丢失数据
     1>c:\users\zousijia\documents\visual studio 2010\projects\tracker\tfigure\tfiguredlg.cpp(5288): warning C4244: “参数”: 从“double”转换到“int”，可能丢失数据
     1>c:\users\zousijia\documents\visual studio 2010\projects\tracker\tfigure\tfiguredlg.cpp(5288): warning C4244: “参数”: 从“double”转换到“int”，可能丢失数据
     1>c:\users\zousijia\documents\visual studio 2010\projects\tracker\tfigure\tfiguredlg.cpp(5288): warning C4244: “参数”: 从“double”转换到“int”，可能丢失数据
     1>c:\users\zousijia\documents\visual studio 2010\projects\tracker\tfigure\tfiguredlg.cpp(5288): warning C4244: “参数”: 从“double”转换到“int”，可能丢失数据
     1>c:\users\zousijia\documents\visual studio 2010\projects\tracker\tfigure\tfiguredlg.cpp(5337): warning C4244: “参数”: 从“double”转换到“int”，可能丢失数据
     1>c:\users\zousijia\documents\visual studio 2010\projects\tracker\tfigure\tfiguredlg.cpp(5337): warning C4244: “参数”: 从“double”转换到“int”，可能丢失数据
     1>c:\users\zousijia\documents\visual studio 2010\projects\tracker\tfigure\tfiguredlg.cpp(5337): warning C4244: “参数”: 从“double”转换到“int”，可能丢失数据
     1>c:\users\zousijia\documents\visual studio 2010\projects\tracker\tfigure\tfiguredlg.cpp(5337): warning C4244: “参数”: 从“double”转换到“int”，可能丢失数据
     1>c:\users\zousijia\documents\visual studio 2010\projects\tracker\tfigure\tfiguredlg.cpp(5361): warning C4244: “参数”: 从“double”转换到“int”，可能丢失数据
     1>c:\users\zousijia\documents\visual studio 2010\projects\tracker\tfigure\tfiguredlg.cpp(5361): warning C4244: “参数”: 从“double”转换到“int”，可能丢失数据
     1>c:\users\zousijia\documents\visual studio 2010\projects\tracker\tfigure\tfiguredlg.cpp(5393): warning C4244: “参数”: 从“double”转换到“int”，可能丢失数据
     1>c:\users\zousijia\documents\visual studio 2010\projects\tracker\tfigure\tfiguredlg.cpp(5393): warning C4244: “参数”: 从“double”转换到“int”，可能丢失数据
     1>c:\users\zousijia\documents\visual studio 2010\projects\tracker\tfigure\tfiguredlg.cpp(5430): warning C4244: “参数”: 从“double”转换到“int”，可能丢失数据
     1>c:\users\zousijia\documents\visual studio 2010\projects\tracker\tfigure\tfiguredlg.cpp(5430): warning C4244: “参数”: 从“double”转换到“int”，可能丢失数据
     1>c:\users\zousijia\documents\visual studio 2010\projects\tracker\tfigure\tfiguredlg.cpp(5431): warning C4244: “参数”: 从“double”转换到“int”，可能丢失数据
     1>c:\users\zousijia\documents\visual studio 2010\projects\tracker\tfigure\tfiguredlg.cpp(5431): warning C4244: “参数”: 从“double”转换到“int”，可能丢失数据
     1>c:\users\zousijia\documents\visual studio 2010\projects\tracker\tfigure\tfiguredlg.cpp(5463): warning C4244: “参数”: 从“double”转换到“int”，可能丢失数据
     1>c:\users\zousijia\documents\visual studio 2010\projects\tracker\tfigure\tfiguredlg.cpp(5463): warning C4244: “参数”: 从“double”转换到“int”，可能丢失数据
     1>c:\users\zousijia\documents\visual studio 2010\projects\tracker\tfigure\tfiguredlg.cpp(5464): warning C4244: “参数”: 从“double”转换到“int”，可能丢失数据
     1>c:\users\zousijia\documents\visual studio 2010\projects\tracker\tfigure\tfiguredlg.cpp(5464): warning C4244: “参数”: 从“double”转换到“int”，可能丢失数据
     1>c:\users\zousijia\documents\visual studio 2010\projects\tracker\tfigure\tfiguredlg.cpp(5604): warning C4996: 'sprintf': This function or variable may be unsafe. Consider using sprintf_s instead. To disable deprecation, use _CRT_SECURE_NO_WARNINGS. See online help for details.
                 c:\program files (x86)\microsoft visual studio 10.0\vc\include\stdio.h(371) : 参见“sprintf”的声明
     1>c:\users\zousijia\documents\visual studio 2010\projects\tracker\tfigure\tfiguredlg.cpp(5613): warning C4996: 'sprintf': This function or variable may be unsafe. Consider using sprintf_s instead. To disable deprecation, use _CRT_SECURE_NO_WARNINGS. See online help for details.
                 c:\program files (x86)\microsoft visual studio 10.0\vc\include\stdio.h(371) : 参见“sprintf”的声明
     1>c:\users\zousijia\documents\visual studio 2010\projects\tracker\tfigure\tfiguredlg.cpp(5622): warning C4996: 'sprintf': This function or variable may be unsafe. Consider using sprintf_s instead. To disable deprecation, use _CRT_SECURE_NO_WARNINGS. See online help for details.
                 c:\program files (x86)\microsoft visual studio 10.0\vc\include\stdio.h(371) : 参见“sprintf”的声明
     1>c:\users\zousijia\documents\visual studio 2010\projects\tracker\tfigure\tfiguredlg.cpp(5665): warning C4996: 'sprintf': This function or variable may be unsafe. Consider using sprintf_s instead. To disable deprecation, use _CRT_SECURE_NO_WARNINGS. See online help for details.
                 c:\program files (x86)\microsoft visual studio 10.0\vc\include\stdio.h(371) : 参见“sprintf”的声明
     1>c:\users\zousijia\documents\visual studio 2010\projects\tracker\tfigure\tfiguredlg.cpp(5667): warning C4996: 'sprintf': This function or variable may be unsafe. Consider using sprintf_s instead. To disable deprecation, use _CRT_SECURE_NO_WARNINGS. See online help for details.
                 c:\program files (x86)\microsoft visual studio 10.0\vc\include\stdio.h(371) : 参见“sprintf”的声明
     1>c:\users\zousijia\documents\visual studio 2010\projects\tracker\tfigure\tfiguredlg.cpp(5668): warning C4996: 'sprintf': This function or variable may be unsafe. Consider using sprintf_s instead. To disable deprecation, use _CRT_SECURE_NO_WARNINGS. See online help for details.
                 c:\program files (x86)\microsoft visual studio 10.0\vc\include\stdio.h(371) : 参见“sprintf”的声明
     1>c:\users\zousijia\documents\visual studio 2010\projects\tracker\tfigure\tfiguredlg.cpp(5669): warning C4996: 'sprintf': This function or variable may be unsafe. Consider using sprintf_s instead. To disable deprecation, use _CRT_SECURE_NO_WARNINGS. See online help for details.
                 c:\program files (x86)\microsoft visual studio 10.0\vc\include\stdio.h(371) : 参见“sprintf”的声明
     1>c:\users\zousijia\documents\visual studio 2010\projects\tracker\tfigure\tfiguredlg.cpp(5670): warning C4996: 'sprintf': This function or variable may be unsafe. Consider using sprintf_s instead. To disable deprecation, use _CRT_SECURE_NO_WARNINGS. See online help for details.
                 c:\program files (x86)\microsoft visual studio 10.0\vc\include\stdio.h(371) : 参见“sprintf”的声明
     1>c:\users\zousijia\documents\visual studio 2010\projects\tracker\tfigure\tfiguredlg.cpp(5673): warning C4996: 'sprintf': This function or variable may be unsafe. Consider using sprintf_s instead. To disable deprecation, use _CRT_SECURE_NO_WARNINGS. See online help for details.
                 c:\program files (x86)\microsoft visual studio 10.0\vc\include\stdio.h(371) : 参见“sprintf”的声明
     1>c:\users\zousijia\documents\visual studio 2010\projects\tracker\tfigure\tfiguredlg.cpp(5676): warning C4996: 'sprintf': This function or variable may be unsafe. Consider using sprintf_s instead. To disable deprecation, use _CRT_SECURE_NO_WARNINGS. See online help for details.
                 c:\program files (x86)\microsoft visual studio 10.0\vc\include\stdio.h(371) : 参见“sprintf”的声明
     1>c:\users\zousijia\documents\visual studio 2010\projects\tracker\tfigure\tfiguredlg.cpp(5679): warning C4996: 'sprintf': This function or variable may be unsafe. Consider using sprintf_s instead. To disable deprecation, use _CRT_SECURE_NO_WARNINGS. See online help for details.
                 c:\program files (x86)\microsoft visual studio 10.0\vc\include\stdio.h(371) : 参见“sprintf”的声明
     1>c:\users\zousijia\documents\visual studio 2010\projects\tracker\tfigure\tfiguredlg.cpp(5682): warning C4996: 'sprintf': This function or variable may be unsafe. Consider using sprintf_s instead. To disable deprecation, use _CRT_SECURE_NO_WARNINGS. See online help for details.
                 c:\program files (x86)\microsoft visual studio 10.0\vc\include\stdio.h(371) : 参见“sprintf”的声明
     1>c:\users\zousijia\documents\visual studio 2010\projects\tracker\tfigure\tfiguredlg.cpp(5886): warning C4067: 预处理器指令后有意外标记 - 应输入换行符
     1>c:\users\zousijia\documents\visual studio 2010\projects\tracker\tfigure\tfiguredlg.cpp(5886): warning C4067: 预处理器指令后有意外标记 - 应输入换行符
     1>c:\users\zousijia\documents\visual studio 2010\projects\tracker\tfigure\tfiguredlg.cpp(5909): warning C4067: 预处理器指令后有意外标记 - 应输入换行符
     1>c:\users\zousijia\documents\visual studio 2010\projects\tracker\tfigure\tfiguredlg.cpp(5909): warning C4067: 预处理器指令后有意外标记 - 应输入换行符
     1>c:\users\zousijia\documents\visual studio 2010\projects\tracker\tfigure\tfiguredlg.cpp(5929): warning C4996: 'strcpy': This function or variable may be unsafe. Consider using strcpy_s instead. To disable deprecation, use _CRT_SECURE_NO_WARNINGS. See online help for details.
                 c:\program files (x86)\microsoft visual studio 10.0\vc\include\string.h(105) : 参见“strcpy”的声明
     1>c:\users\zousijia\documents\visual studio 2010\projects\tracker\tfigure\tfiguredlg.cpp(5952): warning C4996: 'sprintf': This function or variable may be unsafe. Consider using sprintf_s instead. To disable deprecation, use _CRT_SECURE_NO_WARNINGS. See online help for details.
                 c:\program files (x86)\microsoft visual studio 10.0\vc\include\stdio.h(371) : 参见“sprintf”的声明
     1>c:\users\zousijia\documents\visual studio 2010\projects\tracker\tfigure\tfiguredlg.cpp(5961): warning C4996: 'sprintf': This function or variable may be unsafe. Consider using sprintf_s instead. To disable deprecation, use _CRT_SECURE_NO_WARNINGS. See online help for details.
                 c:\program files (x86)\microsoft visual studio 10.0\vc\include\stdio.h(371) : 参见“sprintf”的声明
     1>c:\users\zousijia\documents\visual studio 2010\projects\tracker\tfigure\tfiguredlg.cpp(5970): warning C4996: 'sprintf': This function or variable may be unsafe. Consider using sprintf_s instead. To disable deprecation, use _CRT_SECURE_NO_WARNINGS. See online help for details.
                 c:\program files (x86)\microsoft visual studio 10.0\vc\include\stdio.h(371) : 参见“sprintf”的声明
     1>c:\users\zousijia\documents\visual studio 2010\projects\tracker\tfigure\tfiguredlg.cpp(5986): warning C4996: 'sprintf': This function or variable may be unsafe. Consider using sprintf_s instead. To disable deprecation, use _CRT_SECURE_NO_WARNINGS. See online help for details.
                 c:\program files (x86)\microsoft visual studio 10.0\vc\include\stdio.h(371) : 参见“sprintf”的声明
     1>c:\users\zousijia\documents\visual studio 2010\projects\tracker\tfigure\tfiguredlg.cpp(5987): warning C4996: 'sprintf': This function or variable may be unsafe. Consider using sprintf_s instead. To disable deprecation, use _CRT_SECURE_NO_WARNINGS. See online help for details.
                 c:\program files (x86)\microsoft visual studio 10.0\vc\include\stdio.h(371) : 参见“sprintf”的声明
     1>c:\users\zousijia\documents\visual studio 2010\projects\tracker\tfigure\tfiguredlg.cpp(5988): warning C4996: 'sprintf': This function or variable may be unsafe. Consider using sprintf_s instead. To disable deprecation, use _CRT_SECURE_NO_WARNINGS. See online help for details.
                 c:\program files (x86)\microsoft visual studio 10.0\vc\include\stdio.h(371) : 参见“sprintf”的声明
     1>c:\users\zousijia\documents\visual studio 2010\projects\tracker\tfigure\tfiguredlg.cpp(5989): warning C4996: 'sprintf': This function or variable may be unsafe. Consider using sprintf_s instead. To disable deprecation, use _CRT_SECURE_NO_WARNINGS. See online help for details.
                 c:\program files (x86)\microsoft visual studio 10.0\vc\include\stdio.h(371) : 参见“sprintf”的声明
     1>c:\users\zousijia\documents\visual studio 2010\projects\tracker\tfigure\tfiguredlg.cpp(6150): warning C4067: 预处理器指令后有意外标记 - 应输入换行符
     1>c:\users\zousijia\documents\visual studio 2010\projects\tracker\tfigure\tfiguredlg.cpp(6150): warning C4067: 预处理器指令后有意外标记 - 应输入换行符
     1>c:\users\zousijia\documents\visual studio 2010\projects\tracker\tfigure\tfiguredlg.cpp(6174): warning C4067: 预处理器指令后有意外标记 - 应输入换行符
     1>c:\users\zousijia\documents\visual studio 2010\projects\tracker\tfigure\tfiguredlg.cpp(6174): warning C4067: 预处理器指令后有意外标记 - 应输入换行符
     1>c:\users\zousijia\documents\visual studio 2010\projects\tracker\tfigure\tfiguredlg.cpp(6218): warning C4067: 预处理器指令后有意外标记 - 应输入换行符
     1>c:\users\zousijia\documents\visual studio 2010\projects\tracker\tfigure\tfiguredlg.cpp(6218): warning C4067: 预处理器指令后有意外标记 - 应输入换行符
     1>c:\users\zousijia\documents\visual studio 2010\projects\tracker\tfigure\tfiguredlg.cpp(6319): warning C4996: 'sprintf': This function or variable may be unsafe. Consider using sprintf_s instead. To disable deprecation, use _CRT_SECURE_NO_WARNINGS. See online help for details.
                 c:\program files (x86)\microsoft visual studio 10.0\vc\include\stdio.h(371) : 参见“sprintf”的声明
     1>c:\users\zousijia\documents\visual studio 2010\projects\tracker\tfigure\tfiguredlg.cpp(6320): warning C4067: 预处理器指令后有意外标记 - 应输入换行符
     1>c:\users\zousijia\documents\visual studio 2010\projects\tracker\tfigure\tfiguredlg.cpp(6320): warning C4067: 预处理器指令后有意外标记 - 应输入换行符
     1>c:\users\zousijia\documents\visual studio 2010\projects\tracker\tfigure\tfiguredlg.cpp(6517): warning C4067: 预处理器指令后有意外标记 - 应输入换行符
     1>c:\users\zousijia\documents\visual studio 2010\projects\tracker\tfigure\tfiguredlg.cpp(6517): warning C4067: 预处理器指令后有意外标记 - 应输入换行符
     1>c:\users\zousijia\documents\visual studio 2010\projects\tracker\tfigure\tfiguredlg.cpp(6574): warning C4067: 预处理器指令后有意外标记 - 应输入换行符
     1>c:\users\zousijia\documents\visual studio 2010\projects\tracker\tfigure\tfiguredlg.cpp(6574): warning C4067: 预处理器指令后有意外标记 - 应输入换行符
     1>c:\users\zousijia\documents\visual studio 2010\projects\tracker\tfigure\tfiguredlg.cpp(6835): warning C4996: 'strcpy': This function or variable may be unsafe. Consider using strcpy_s instead. To disable deprecation, use _CRT_SECURE_NO_WARNINGS. See online help for details.
                 c:\program files (x86)\microsoft visual studio 10.0\vc\include\string.h(105) : 参见“strcpy”的声明
     1>c:\users\zousijia\documents\visual studio 2010\projects\tracker\tfigure\tfiguredlg.cpp(6837): warning C4996: 'strtok': This function or variable may be unsafe. Consider using strtok_s instead. To disable deprecation, use _CRT_SECURE_NO_WARNINGS. See online help for details.
                 c:\program files (x86)\microsoft visual studio 10.0\vc\include\string.h(197) : 参见“strtok”的声明
     1>c:\users\zousijia\documents\visual studio 2010\projects\tracker\tfigure\tfiguredlg.cpp(6841): warning C4996: 'strtok': This function or variable may be unsafe. Consider using strtok_s instead. To disable deprecation, use _CRT_SECURE_NO_WARNINGS. See online help for details.
                 c:\program files (x86)\microsoft visual studio 10.0\vc\include\string.h(197) : 参见“strtok”的声明
     1>c:\users\zousijia\documents\visual studio 2010\projects\tracker\tfigure\tfiguredlg.cpp(6893): warning C4067: 预处理器指令后有意外标记 - 应输入换行符
     1>c:\users\zousijia\documents\visual studio 2010\projects\tracker\tfigure\tfiguredlg.cpp(6893): warning C4067: 预处理器指令后有意外标记 - 应输入换行符
     1>c:\users\zousijia\documents\visual studio 2010\projects\tracker\tfigure\tfiguredlg.cpp(6978): warning C4996: 'sprintf': This function or variable may be unsafe. Consider using sprintf_s instead. To disable deprecation, use _CRT_SECURE_NO_WARNINGS. See online help for details.
                 c:\program files (x86)\microsoft visual studio 10.0\vc\include\stdio.h(371) : 参见“sprintf”的声明
     1>c:\users\zousijia\documents\visual studio 2010\projects\tracker\tfigure\tfiguredlg.cpp(6992): warning C4067: 预处理器指令后有意外标记 - 应输入换行符
     1>c:\users\zousijia\documents\visual studio 2010\projects\tracker\tfigure\tfiguredlg.cpp(6992): warning C4067: 预处理器指令后有意外标记 - 应输入换行符
     1>c:\users\zousijia\documents\visual studio 2010\projects\tracker\tfigure\tfiguredlg.cpp(7024): warning C4067: 预处理器指令后有意外标记 - 应输入换行符
     1>c:\users\zousijia\documents\visual studio 2010\projects\tracker\tfigure\tfiguredlg.cpp(7024): warning C4067: 预处理器指令后有意外标记 - 应输入换行符
       ResourceCompile:
         所有输出均为最新。
       ManifestResourceCompile:
         所有输出均为最新。
       Link:
         C:\Program Files (x86)\Microsoft Visual Studio 10.0\VC\bin\link.exe /ERRORREPORT:PROMPT /OUT:"C:\Users\zousijia\documents\visual studio 2010\Projects\Tracker\Debug\TFigure.exe" /INCREMENTAL /NOLOGO uafxcwd.lib Libcmtd.lib /NODEFAULTLIB:uafxcwd.lib /NODEFAULTLIB:Libcmtd.lib /MANIFEST /ManifestFile:"Debug\TFigure.exe.intermediate.manifest" /MANIFESTUAC:"level='asInvoker' uiAccess='false'" /DEBUG /PDB:"C:\Users\zousijia\documents\visual studio 2010\Projects\Tracker\Debug\TFigure.pdb" /SUBSYSTEM:WINDOWS /TLBID:1 /ENTRY:"wWinMainCRTStartup" /DYNAMICBASE /NXCOMPAT /IMPLIB:"C:\Users\zousijia\documents\visual studio 2010\Projects\Tracker\Debug\TFigure.lib" /MACHINE:X86 Debug\TFigure.res
         Debug\TFigure.exe.embed.manifest.res
         Debug\json_reader.obj
         Debug\json_value.obj
         Debug\json_writer.obj
         Debug\stdafx.obj
         Debug\TFigure.obj
         Debug\TFigureDlg.obj
         Debug\tinystr.obj
         Debug\tinyxml.obj
         Debug\tinyxmlerror.obj
         Debug\tinyxmlparser.obj
       Manifest:
         c:\Program Files (x86)\Microsoft SDKs\Windows\v7.0A\bin\mt.exe /nologo /verbose /out:"Debug\TFigure.exe.embed.manifest" /manifest Debug\TFigure.exe.intermediate.manifest "C:\Program Files (x86)\Microsoft Visual Studio 10.0\VC\Include\Manifest\dpiaware.manifest"
         所有输出均为最新。
       LinkEmbedManifest:
         所有输出均为最新。
         TFigure.vcxproj -> C:\Users\zousijia\documents\visual studio 2010\Projects\Tracker\Debug\TFigure.exe
       FinalizeBuildStatus:
         正在删除文件“Debug\TFigure.unsuccessfulbuild”。
         正在对“Debug\TFigure.lastbuildstate”执行 Touch 任务。
     1>已完成生成项目“C:\Users\zousijia\documents\visual studio 2010\Projects\Tracker\TFigure\TFigure.vcxproj”(build 个目标)的操作。

生成成功。

已用时间 00:00:17.23
