生成启动时间为 2020/10/23 21:44:49。
     1>项目“C:\Users\zousijia\documents\visual studio 2010\Projects\day2\DemoGdi\DemoGdi.vcxproj”在节点 2 上(build 个目标)。
     1>InitializeBuildStatus:
         正在创建“Debug\DemoGdi.unsuccessfulbuild”，因为已指定“AlwaysCreate”。
       ClCompile:
         所有输出均为最新。
         c:\Program Files (x86)\Microsoft Visual Studio 10.0\VC\bin\CL.exe /c /ZI /nologo /W3 /WX- /Od /Oy- /D WIN32 /D _WINDOWS /D _DEBUG /D _UNICODE /D UNICODE /D _AFXDLL /Gm /EHsc /RTC1 /MDd /GS /fp:precise /Zc:wchar_t /Zc:forScope /Yu"StdAfx.h" /Fp"Debug\DemoGdi.pch" /Fo"Debug\\" /Fd"Debug\vc100.pdb" /Gd /TP /analyze- /errorReport:prompt DemoGdiView.cpp
         DemoGdiView.cpp
     1>c:\users\zousijia\documents\visual studio 2010\projects\day2\demogdi\demogdiview.cpp(150): warning C4067: 预处理器指令后有意外标记 - 应输入换行符
     1>c:\users\zousijia\documents\visual studio 2010\projects\day2\demogdi\demogdiview.cpp(196): warning C4067: 预处理器指令后有意外标记 - 应输入换行符
     1>c:\users\zousijia\documents\visual studio 2010\projects\day2\demogdi\demogdiview.cpp(254): warning C4067: 预处理器指令后有意外标记 - 应输入换行符
     1>c:\users\zousijia\documents\visual studio 2010\projects\day2\demogdi\demogdiview.cpp(255): warning C4067: 预处理器指令后有意外标记 - 应输入换行符
       ResourceCompile:
         所有输出均为最新。
       ManifestResourceCompile:
         所有输出均为最新。
       Link:
         c:\Program Files (x86)\Microsoft Visual Studio 10.0\VC\bin\link.exe /ERRORREPORT:PROMPT /OUT:"C:\Users\zousijia\documents\visual studio 2010\Projects\Tracker\Debug\DemoGdi.exe" /INCREMENTAL /NOLOGO /MANIFEST /ManifestFile:"Debug\DemoGdi.exe.intermediate.manifest" /MANIFESTUAC:"level='asInvoker' uiAccess='false'" /DEBUG /PDB:"C:\Users\zousijia\documents\visual studio 2010\Projects\Tracker\Debug\DemoGdi.pdb" /SUBSYSTEM:WINDOWS /TLBID:1 /ENTRY:"wWinMainCRTStartup" /DYNAMICBASE /NXCOMPAT /IMPLIB:"C:\Users\zousijia\documents\visual studio 2010\Projects\Tracker\Debug\DemoGdi.lib" /MACHINE:X86 Debug\DemoGdi.res
         Debug\DemoGdi.exe.embed.manifest.res
         Debug\ClassView.obj
         Debug\DemoGdi.obj
         Debug\DemoGdiDoc.obj
         Debug\DemoGdiView.obj
         Debug\FileView.obj
         Debug\MainFrm.obj
         Debug\OutputWnd.obj
         Debug\PropertiesWnd.obj
         Debug\stdafx.obj
         Debug\ViewTree.obj
       Manifest:
         c:\Program Files (x86)\Microsoft SDKs\Windows\v7.0A\bin\mt.exe /nologo /verbose /out:"Debug\DemoGdi.exe.embed.manifest" /manifest Debug\DemoGdi.exe.intermediate.manifest "c:\Program Files (x86)\Microsoft Visual Studio 10.0\VC\Include\Manifest\dpiaware.manifest"
         所有输出均为最新。
       LinkEmbedManifest:
         所有输出均为最新。
         DemoGdi.vcxproj -> C:\Users\zousijia\documents\visual studio 2010\Projects\Tracker\Debug\DemoGdi.exe
       FinalizeBuildStatus:
         正在删除文件“Debug\DemoGdi.unsuccessfulbuild”。
         正在对“Debug\DemoGdi.lastbuildstate”执行 Touch 任务。
     1>已完成生成项目“C:\Users\zousijia\documents\visual studio 2010\Projects\day2\DemoGdi\DemoGdi.vcxproj”(build 个目标)的操作。

生成成功。

已用时间 00:00:10.78
