C:\USERS\ZOUSIJIA\DOCUMENTS\VISUAL STUDIO 2010\PROJECTS\TRACKER\DEBUG\TFIGURE.EXE
C:\USERS\ZOUSIJIA\DOCUMENTS\VISUAL STUDIO 2010\PROJECTS\TRACKER\DEBUG\TFIGURE.ILK
C:\USERS\ZOUSIJIA\DOCUMENTS\VISUAL STUDIO 2010\PROJECTS\TRACKER\DEBUG\TFIGURE.PDB
C:\Users\zousijia\documents\visual studio 2010\Projects\Tracker\TFigure\Debug\cl.command.1.tlog
C:\Users\zousijia\documents\visual studio 2010\Projects\Tracker\TFigure\Debug\CL.read.1.tlog
C:\Users\zousijia\documents\visual studio 2010\Projects\Tracker\TFigure\Debug\CL.write.1.tlog
C:\Users\zousijia\documents\visual studio 2010\Projects\Tracker\TFigure\Debug\link.1168.read.1.tlog
C:\Users\zousijia\documents\visual studio 2010\Projects\Tracker\TFigure\Debug\link.1168.write.1.tlog
C:\Users\zousijia\documents\visual studio 2010\Projects\Tracker\TFigure\Debug\link.1168-cvtres.read.1.tlog
C:\Users\zousijia\documents\visual studio 2010\Projects\Tracker\TFigure\Debug\link.1168-cvtres.write.1.tlog
C:\Users\zousijia\documents\visual studio 2010\Projects\Tracker\TFigure\Debug\link.5040.read.1.tlog
C:\Users\zousijia\documents\visual studio 2010\Projects\Tracker\TFigure\Debug\link.5040.write.1.tlog
C:\Users\zousijia\documents\visual studio 2010\Projects\Tracker\TFigure\Debug\link.5040-cvtres.read.1.tlog
C:\Users\zousijia\documents\visual studio 2010\Projects\Tracker\TFigure\Debug\link.5040-cvtres.write.1.tlog
C:\Users\zousijia\documents\visual studio 2010\Projects\Tracker\TFigure\Debug\link.9660.read.1.tlog
C:\Users\zousijia\documents\visual studio 2010\Projects\Tracker\TFigure\Debug\link.9660.write.1.tlog
C:\Users\zousijia\documents\visual studio 2010\Projects\Tracker\TFigure\Debug\link.9660-cvtres.read.1.tlog
C:\Users\zousijia\documents\visual studio 2010\Projects\Tracker\TFigure\Debug\link.9660-cvtres.write.1.tlog
C:\Users\zousijia\documents\visual studio 2010\Projects\Tracker\TFigure\Debug\link.command.1.tlog
C:\Users\zousijia\documents\visual studio 2010\Projects\Tracker\TFigure\Debug\link.read.1.tlog
C:\Users\zousijia\documents\visual studio 2010\Projects\Tracker\TFigure\Debug\link.write.1.tlog
C:\Users\zousijia\documents\visual studio 2010\Projects\Tracker\TFigure\Debug\link-cvtres.read.1.tlog
C:\Users\zousijia\documents\visual studio 2010\Projects\Tracker\TFigure\Debug\link-cvtres.write.1.tlog
C:\Users\zousijia\documents\visual studio 2010\Projects\Tracker\TFigure\Debug\mt.command.1.tlog
C:\Users\zousijia\documents\visual studio 2010\Projects\Tracker\TFigure\Debug\mt.read.1.tlog
C:\Users\zousijia\documents\visual studio 2010\Projects\Tracker\TFigure\Debug\mt.write.1.tlog
C:\Users\zousijia\documents\visual studio 2010\Projects\Tracker\TFigure\Debug\rc.command.1.tlog
C:\Users\zousijia\documents\visual studio 2010\Projects\Tracker\TFigure\Debug\rc.read.1.tlog
C:\Users\zousijia\documents\visual studio 2010\Projects\Tracker\TFigure\Debug\rc.write.1.tlog
C:\USERS\ZOUSIJIA\DOCUMENTS\VISUAL STUDIO 2010\PROJECTS\TRACKER\TFIGURE\DEBUG\STDAFX.OBJ
C:\USERS\ZOUSIJIA\DOCUMENTS\VISUAL STUDIO 2010\PROJECTS\TRACKER\TFIGURE\DEBUG\TFIGURE.EXE.EMBED.MANIFEST
C:\USERS\ZOUSIJIA\DOCUMENTS\VISUAL STUDIO 2010\PROJECTS\TRACKER\TFIGURE\DEBUG\TFIGURE.EXE.EMBED.MANIFEST.RES
C:\USERS\ZOUSIJIA\DOCUMENTS\VISUAL STUDIO 2010\PROJECTS\TRACKER\TFIGURE\DEBUG\TFIGURE.EXE.INTERMEDIATE.MANIFEST
C:\USERS\ZOUSIJIA\DOCUMENTS\VISUAL STUDIO 2010\PROJECTS\TRACKER\TFIGURE\DEBUG\TFIGURE.OBJ
C:\USERS\ZOUSIJIA\DOCUMENTS\VISUAL STUDIO 2010\PROJECTS\TRACKER\TFIGURE\DEBUG\TFIGURE.PCH
C:\USERS\ZOUSIJIA\DOCUMENTS\VISUAL STUDIO 2010\PROJECTS\TRACKER\TFIGURE\DEBUG\TFIGURE.RES
C:\Users\zousijia\documents\visual studio 2010\Projects\Tracker\TFigure\Debug\TFigure.vcxprojResolveAssemblyReference.cache
C:\Users\zousijia\documents\visual studio 2010\Projects\Tracker\TFigure\Debug\TFigure.write.1.tlog
C:\Users\zousijia\documents\visual studio 2010\Projects\Tracker\TFigure\Debug\TFigure_manifest.rc
C:\USERS\ZOUSIJIA\DOCUMENTS\VISUAL STUDIO 2010\PROJECTS\TRACKER\TFIGURE\DEBUG\TFIGUREDLG.OBJ
C:\USERS\ZOUSIJIA\DOCUMENTS\VISUAL STUDIO 2010\PROJECTS\TRACKER\TFIGURE\DEBUG\TINYSTR.OBJ
C:\USERS\ZOUSIJIA\DOCUMENTS\VISUAL STUDIO 2010\PROJECTS\TRACKER\TFIGURE\DEBUG\TINYXML.OBJ
C:\USERS\ZOUSIJIA\DOCUMENTS\VISUAL STUDIO 2010\PROJECTS\TRACKER\TFIGURE\DEBUG\TINYXMLERROR.OBJ
C:\USERS\ZOUSIJIA\DOCUMENTS\VISUAL STUDIO 2010\PROJECTS\TRACKER\TFIGURE\DEBUG\TINYXMLPARSER.OBJ
C:\Users\zousijia\documents\visual studio 2010\Projects\Tracker\TFigure\Debug\vc100.idb
C:\USERS\ZOUSIJIA\DOCUMENTS\VISUAL STUDIO 2010\PROJECTS\TRACKER\TFIGURE\DEBUG\VC100.PDB
