生成启动时间为 2020/11/5 9:12:25。
     1>项目“C:\Users\zousijia\documents\visual studio 2010\Projects\Tracker\TFigure\TFigure.vcxproj”在节点 2 上(build 个目标)。
     1>InitializeBuildStatus:
         正在创建“Debug\TFigure.unsuccessfulbuild”，因为已指定“AlwaysCreate”。
       ClCompile:
         所有输出均为最新。
         c:\Program Files (x86)\Microsoft Visual Studio 10.0\VC\bin\CL.exe /c /ZI /nologo /W3 /WX- /Od /Oy- /D WIN32 /D _WINDOWS /D _DEBUG /D _UNICODE /D UNICODE /Gm /EHsc /RTC1 /MTd /GS /fp:precise /Zc:wchar_t /Zc:forScope /Yu"StdAfx.h" /Fp"Debug\TFigure.pch" /Fo"Debug\\" /Fd"Debug\vc100.pdb" /Gd /TP /analyze- /errorReport:prompt TFigureDlg.cpp
         TFigureDlg.cpp
     1>c:\users\zousijia\documents\visual studio 2010\projects\tracker\tfigure\tfiguredlg.cpp(184): warning C4067: 预处理器指令后有意外标记 - 应输入换行符
     1>c:\users\zousijia\documents\visual studio 2010\projects\tracker\tfigure\tfiguredlg.cpp(225): warning C4067: 预处理器指令后有意外标记 - 应输入换行符
     1>c:\users\zousijia\documents\visual studio 2010\projects\tracker\tfigure\tfiguredlg.cpp(715): warning C4996: 'sprintf': This function or variable may be unsafe. Consider using sprintf_s instead. To disable deprecation, use _CRT_SECURE_NO_WARNINGS. See online help for details.
                 c:\program files (x86)\microsoft visual studio 10.0\vc\include\stdio.h(371) : 参见“sprintf”的声明
     1>c:\users\zousijia\documents\visual studio 2010\projects\tracker\tfigure\tfiguredlg.cpp(1093): warning C4244: “参数”: 从“double”转换到“int”，可能丢失数据
     1>c:\users\zousijia\documents\visual studio 2010\projects\tracker\tfigure\tfiguredlg.cpp(1093): warning C4244: “参数”: 从“double”转换到“int”，可能丢失数据
     1>c:\users\zousijia\documents\visual studio 2010\projects\tracker\tfigure\tfiguredlg.cpp(1094): warning C4244: “参数”: 从“double”转换到“int”，可能丢失数据
     1>c:\users\zousijia\documents\visual studio 2010\projects\tracker\tfigure\tfiguredlg.cpp(1094): warning C4244: “参数”: 从“double”转换到“int”，可能丢失数据
     1>c:\users\zousijia\documents\visual studio 2010\projects\tracker\tfigure\tfiguredlg.cpp(1138): warning C4244: “参数”: 从“double”转换到“int”，可能丢失数据
     1>c:\users\zousijia\documents\visual studio 2010\projects\tracker\tfigure\tfiguredlg.cpp(1138): warning C4244: “参数”: 从“double”转换到“int”，可能丢失数据
     1>c:\users\zousijia\documents\visual studio 2010\projects\tracker\tfigure\tfiguredlg.cpp(1140): warning C4244: “参数”: 从“double”转换到“int”，可能丢失数据
     1>c:\users\zousijia\documents\visual studio 2010\projects\tracker\tfigure\tfiguredlg.cpp(1140): warning C4244: “参数”: 从“double”转换到“int”，可能丢失数据
     1>c:\users\zousijia\documents\visual studio 2010\projects\tracker\tfigure\tfiguredlg.cpp(1337): warning C4244: “参数”: 从“double”转换到“int”，可能丢失数据
     1>c:\users\zousijia\documents\visual studio 2010\projects\tracker\tfigure\tfiguredlg.cpp(1348): warning C4996: 'sprintf': This function or variable may be unsafe. Consider using sprintf_s instead. To disable deprecation, use _CRT_SECURE_NO_WARNINGS. See online help for details.
                 c:\program files (x86)\microsoft visual studio 10.0\vc\include\stdio.h(371) : 参见“sprintf”的声明
     1>c:\users\zousijia\documents\visual studio 2010\projects\tracker\tfigure\tfiguredlg.cpp(1385): warning C4996: 'sprintf': This function or variable may be unsafe. Consider using sprintf_s instead. To disable deprecation, use _CRT_SECURE_NO_WARNINGS. See online help for details.
                 c:\program files (x86)\microsoft visual studio 10.0\vc\include\stdio.h(371) : 参见“sprintf”的声明
       ResourceCompile:
         所有输出均为最新。
       ManifestResourceCompile:
         所有输出均为最新。
       Link:
         c:\Program Files (x86)\Microsoft Visual Studio 10.0\VC\bin\link.exe /ERRORREPORT:PROMPT /OUT:"C:\Users\zousijia\documents\visual studio 2010\Projects\Tracker\Debug\TFigure.exe" /INCREMENTAL /NOLOGO uafxcwd.lib Libcmtd.lib /NODEFAULTLIB:uafxcwd.lib /NODEFAULTLIB:Libcmtd.lib /MANIFEST /ManifestFile:"Debug\TFigure.exe.intermediate.manifest" /MANIFESTUAC:"level='asInvoker' uiAccess='false'" /DEBUG /PDB:"C:\Users\zousijia\documents\visual studio 2010\Projects\Tracker\Debug\TFigure.pdb" /SUBSYSTEM:WINDOWS /TLBID:1 /ENTRY:"wWinMainCRTStartup" /DYNAMICBASE /NXCOMPAT /IMPLIB:"C:\Users\zousijia\documents\visual studio 2010\Projects\Tracker\Debug\TFigure.lib" /MACHINE:X86 Debug\TFigure.res
         Debug\TFigure.exe.embed.manifest.res
         Debug\stdafx.obj
         Debug\TFigure.obj
         Debug\TFigureDlg.obj
         Debug\tinystr.obj
         Debug\tinyxml.obj
         Debug\tinyxmlerror.obj
         Debug\tinyxmlparser.obj
       Manifest:
         c:\Program Files (x86)\Microsoft SDKs\Windows\v7.0A\bin\mt.exe /nologo /verbose /out:"Debug\TFigure.exe.embed.manifest" /manifest Debug\TFigure.exe.intermediate.manifest "c:\Program Files (x86)\Microsoft Visual Studio 10.0\VC\Include\Manifest\dpiaware.manifest"
         所有输出均为最新。
       LinkEmbedManifest:
         所有输出均为最新。
         TFigure.vcxproj -> C:\Users\zousijia\documents\visual studio 2010\Projects\Tracker\Debug\TFigure.exe
       FinalizeBuildStatus:
         正在删除文件“Debug\TFigure.unsuccessfulbuild”。
         正在对“Debug\TFigure.lastbuildstate”执行 Touch 任务。
     1>已完成生成项目“C:\Users\zousijia\documents\visual studio 2010\Projects\Tracker\TFigure\TFigure.vcxproj”(build 个目标)的操作。

生成成功。

已用时间 00:00:08.76
