生成启动时间为 2020/10/25 10:16:08。
     1>项目“C:\Users\zousijia\Documents\Visual Studio 2010\Projects\Tracker\TFigure\TFigure.vcxproj”在节点 2 上(build 个目标)。
     1>InitializeBuildStatus:
         正在创建“Debug\TFigure.unsuccessfulbuild”，因为已指定“AlwaysCreate”。
       ClCompile:
         所有输出均为最新。
         c:\Program Files (x86)\Microsoft Visual Studio 10.0\VC\bin\CL.exe /c /ZI /nologo /W3 /WX- /Od /Oy- /D WIN32 /D _WINDOWS /D _DEBUG /D _UNICODE /D UNICODE /Gm /EHsc /RTC1 /MTd /GS /fp:precise /Zc:wchar_t /Zc:forScope /Yu"StdAfx.h" /Fp"Debug\TFigure.pch" /Fo"Debug\\" /Fd"Debug\vc100.pdb" /Gd /TP /analyze- /errorReport:prompt TFigure.cpp TFigureDlg.cpp
         TFigure.cpp
         正在生成代码...
         正在跳过...(未检测到相关更改)
         TFigureDlg.cpp
       ResourceCompile:
         c:\Program Files (x86)\Microsoft SDKs\Windows\v7.0A\bin\rc.exe /D _DEBUG /D _UNICODE /D UNICODE /l"0x0804" /IDebug\ /nologo /fo"Debug\TFigure.res" TFigure.rc 
       ManifestResourceCompile:
         所有输出均为最新。
       Link:
         c:\Program Files (x86)\Microsoft Visual Studio 10.0\VC\bin\link.exe /ERRORREPORT:PROMPT /OUT:"C:\Users\zousijia\Documents\Visual Studio 2010\Projects\Tracker\Debug\TFigure.exe" /INCREMENTAL /NOLOGO /MANIFEST /ManifestFile:"Debug\TFigure.exe.intermediate.manifest" /MANIFESTUAC:"level='asInvoker' uiAccess='false'" /DEBUG /PDB:"C:\Users\zousijia\Documents\Visual Studio 2010\Projects\Tracker\Debug\TFigure.pdb" /SUBSYSTEM:WINDOWS /TLBID:1 /ENTRY:"wWinMainCRTStartup" /DYNAMICBASE /NXCOMPAT /IMPLIB:"C:\Users\zousijia\Documents\Visual Studio 2010\Projects\Tracker\Debug\TFigure.lib" /MACHINE:X86 Debug\TFigure.res
         Debug\TFigure.exe.embed.manifest.res
         Debug\stdafx.obj
         Debug\TFigure.obj
         Debug\TFigureDlg.obj
       Manifest:
         c:\Program Files (x86)\Microsoft SDKs\Windows\v7.0A\bin\mt.exe /nologo /verbose /out:"Debug\TFigure.exe.embed.manifest" /manifest Debug\TFigure.exe.intermediate.manifest "c:\Program Files (x86)\Microsoft Visual Studio 10.0\VC\Include\Manifest\dpiaware.manifest"
         所有输出均为最新。
       LinkEmbedManifest:
         所有输出均为最新。
         TFigure.vcxproj -> C:\Users\zousijia\Documents\Visual Studio 2010\Projects\Tracker\Debug\TFigure.exe
       FinalizeBuildStatus:
         正在删除文件“Debug\TFigure.unsuccessfulbuild”。
         正在对“Debug\TFigure.lastbuildstate”执行 Touch 任务。
     1>已完成生成项目“C:\Users\zousijia\Documents\Visual Studio 2010\Projects\Tracker\TFigure\TFigure.vcxproj”(build 个目标)的操作。

生成成功。

已用时间 00:00:11.87
