生成启动时间为 2020/10/23 21:43:25。
     1>项目“C:\Users\zousijia\documents\visual studio 2010\Projects\day2\DemoTracker\DemoTracker.vcxproj”在节点 2 上(build 个目标)。
     1>InitializeBuildStatus:
         正在创建“Debug\DemoTracker.unsuccessfulbuild”，因为已指定“AlwaysCreate”。
       ClCompile:
         所有输出均为最新。
         所有输出均为最新。
       ResourceCompile:
         所有输出均为最新。
       ManifestResourceCompile:
         所有输出均为最新。
       Link:
         c:\Program Files (x86)\Microsoft Visual Studio 10.0\VC\bin\link.exe /ERRORREPORT:PROMPT /OUT:"C:\Users\zousijia\documents\visual studio 2010\Projects\Tracker\Debug\DemoTracker.exe" /INCREMENTAL /NOLOGO /MANIFEST /ManifestFile:"Debug\DemoTracker.exe.intermediate.manifest" /MANIFESTUAC:"level='asInvoker' uiAccess='false'" /DEBUG /PDB:"C:\Users\zousijia\documents\visual studio 2010\Projects\Tracker\Debug\DemoTracker.pdb" /SUBSYSTEM:WINDOWS /TLBID:1 /ENTRY:"wWinMainCRTStartup" /DYNAMICBASE /NXCOMPAT /IMPLIB:"C:\Users\zousijia\documents\visual studio 2010\Projects\Tracker\Debug\DemoTracker.lib" /MACHINE:X86 Debug\DemoTracker.res
         Debug\DemoTracker.exe.embed.manifest.res
         Debug\DemoTracker.obj
         Debug\DemoTrackerDoc.obj
         Debug\DemoTrackerView.obj
         Debug\MainFrm.obj
         Debug\stdafx.obj
       Manifest:
         c:\Program Files (x86)\Microsoft SDKs\Windows\v7.0A\bin\mt.exe /nologo /verbose /out:"Debug\DemoTracker.exe.embed.manifest" /manifest Debug\DemoTracker.exe.intermediate.manifest "c:\Program Files (x86)\Microsoft Visual Studio 10.0\VC\Include\Manifest\dpiaware.manifest"
         所有输出均为最新。
       LinkEmbedManifest:
         所有输出均为最新。
         DemoTracker.vcxproj -> C:\Users\zousijia\documents\visual studio 2010\Projects\Tracker\Debug\DemoTracker.exe
       FinalizeBuildStatus:
         正在删除文件“Debug\DemoTracker.unsuccessfulbuild”。
         正在对“Debug\DemoTracker.lastbuildstate”执行 Touch 任务。
     1>已完成生成项目“C:\Users\zousijia\documents\visual studio 2010\Projects\day2\DemoTracker\DemoTracker.vcxproj”(build 个目标)的操作。

生成成功。

已用时间 00:00:27.97
