生成启动时间为 2020/10/12 17:17:24。
     1>项目“c:\Users\zousijia\documents\visual studio 2010\Projects\day1\day1\day1.vcxproj”在节点 2 上(build 个目标)。
     1>PrepareForBuild:
         正在创建目录“c:\users\zousijia\documents\visual studio 2010\Projects\day1\Debug\”。
       InitializeBuildStatus:
         正在创建“Debug\day1.unsuccessfulbuild”，因为已指定“AlwaysCreate”。
       ClCompile:
         c:\Program Files (x86)\Microsoft Visual Studio 10.0\VC\bin\CL.exe /c /ZI /nologo /W3 /WX- /Od /Oy- /D WIN32 /D _WINDOWS /D _DEBUG /D _UNICODE /D UNICODE /D _AFXDLL /Gm /EHsc /RTC1 /MDd /GS /fp:precise /Zc:wchar_t /Zc:forScope /Yc"StdAfx.h" /Fp"Debug\day1.pch" /Fo"Debug\\" /Fd"Debug\vc100.pdb" /Gd /TP /analyze- /errorReport:prompt stdafx.cpp
         stdafx.cpp
         c:\Program Files (x86)\Microsoft Visual Studio 10.0\VC\bin\CL.exe /c /ZI /nologo /W3 /WX- /Od /Oy- /D WIN32 /D _WINDOWS /D _DEBUG /D _UNICODE /D UNICODE /D _AFXDLL /Gm /EHsc /RTC1 /MDd /GS /fp:precise /Zc:wchar_t /Zc:forScope /Yu"StdAfx.h" /Fp"Debug\day1.pch" /Fo"Debug\\" /Fd"Debug\vc100.pdb" /Gd /TP /analyze- /errorReport:prompt ClassView.cpp day1.cpp day1Doc.cpp day1View.cpp FileView.cpp MainFrm.cpp OutputWnd.cpp PropertiesWnd.cpp ViewTree.cpp
         ViewTree.cpp
         PropertiesWnd.cpp
         OutputWnd.cpp
         MainFrm.cpp
         FileView.cpp
         day1View.cpp
         day1Doc.cpp
         day1.cpp
         ClassView.cpp
         正在生成代码...
       ResourceCompile:
         c:\Program Files (x86)\Microsoft SDKs\Windows\v7.0A\bin\rc.exe /D _DEBUG /D _UNICODE /D UNICODE /D _AFXDLL /l"0x0804" /IDebug\ /nologo /fo"Debug\day1.res" day1.rc 
       ManifestResourceCompile:
         c:\Program Files (x86)\Microsoft SDKs\Windows\v7.0A\bin\rc.exe /nologo /fo"Debug\day1.exe.embed.manifest.res" Debug\day1_manifest.rc 
       Link:
         c:\Program Files (x86)\Microsoft Visual Studio 10.0\VC\bin\link.exe /ERRORREPORT:PROMPT /OUT:"c:\users\zousijia\documents\visual studio 2010\Projects\day1\Debug\day1.exe" /INCREMENTAL /NOLOGO /MANIFEST /ManifestFile:"Debug\day1.exe.intermediate.manifest" /MANIFESTUAC:"level='asInvoker' uiAccess='false'" /DEBUG /PDB:"c:\users\zousijia\documents\visual studio 2010\Projects\day1\Debug\day1.pdb" /SUBSYSTEM:WINDOWS /TLBID:1 /ENTRY:"wWinMainCRTStartup" /DYNAMICBASE /NXCOMPAT /IMPLIB:"c:\users\zousijia\documents\visual studio 2010\Projects\day1\Debug\day1.lib" /MACHINE:X86 Debug\day1.res
         Debug\day1.exe.embed.manifest.res
         Debug\ClassView.obj
         Debug\day1.obj
         Debug\day1Doc.obj
         Debug\day1View.obj
         Debug\FileView.obj
         Debug\MainFrm.obj
         Debug\OutputWnd.obj
         Debug\PropertiesWnd.obj
         Debug\stdafx.obj
         Debug\ViewTree.obj
       Manifest:
         c:\Program Files (x86)\Microsoft SDKs\Windows\v7.0A\bin\mt.exe /nologo /verbose /out:"Debug\day1.exe.embed.manifest" /manifest Debug\day1.exe.intermediate.manifest "c:\Program Files (x86)\Microsoft Visual Studio 10.0\VC\Include\Manifest\dpiaware.manifest"
         c:\Program Files (x86)\Microsoft SDKs\Windows\v7.0A\bin\rc.exe /nologo /fo"Debug\day1.exe.embed.manifest.res" Debug\day1_manifest.rc 
       LinkEmbedManifest:
         c:\Program Files (x86)\Microsoft Visual Studio 10.0\VC\bin\link.exe /ERRORREPORT:PROMPT /OUT:"c:\users\zousijia\documents\visual studio 2010\Projects\day1\Debug\day1.exe" /INCREMENTAL /NOLOGO /MANIFEST /ManifestFile:"Debug\day1.exe.intermediate.manifest" /MANIFESTUAC:"level='asInvoker' uiAccess='false'" /DEBUG /PDB:"c:\users\zousijia\documents\visual studio 2010\Projects\day1\Debug\day1.pdb" /SUBSYSTEM:WINDOWS /TLBID:1 /ENTRY:"wWinMainCRTStartup" /DYNAMICBASE /NXCOMPAT /IMPLIB:"c:\users\zousijia\documents\visual studio 2010\Projects\day1\Debug\day1.lib" /MACHINE:X86 Debug\day1.res
         Debug\day1.exe.embed.manifest.res
         Debug\ClassView.obj
         Debug\day1.obj
         Debug\day1Doc.obj
         Debug\day1View.obj
         Debug\FileView.obj
         Debug\MainFrm.obj
         Debug\OutputWnd.obj
         Debug\PropertiesWnd.obj
         Debug\stdafx.obj
         Debug\ViewTree.obj
         day1.vcxproj -> c:\users\zousijia\documents\visual studio 2010\Projects\day1\Debug\day1.exe
       FinalizeBuildStatus:
         正在删除文件“Debug\day1.unsuccessfulbuild”。
         正在对“Debug\day1.lastbuildstate”执行 Touch 任务。
     1>已完成生成项目“c:\Users\zousijia\documents\visual studio 2010\Projects\day1\day1\day1.vcxproj”(build 个目标)的操作。

生成成功。

已用时间 00:00:19.94
